"GET /static/myscripts.js HTTP/1.1" 404 1662
"GET /static/myscripts.js HTTP/1.1" 404 1662
"GET /static/myscripts.js HTTP/1.1" 404 1662
"GET /static/myscripts.js HTTP/1.1" 404 1662
"GET /static/myscripts.js HTTP/1.1" 404 1662
"GET /static/myscripts.js HTTP/1.1" 404 1662
Internal Server Error: /flip/1/
Traceback (most recent call last):
  File "/home/matt/.local/lib/python3.8/site-packages/django/core/handlers/exception.py", line 34, in inner
    response = get_response(request)
  File "/home/matt/.local/lib/python3.8/site-packages/django/core/handlers/base.py", line 115, in _get_response
    response = self.process_exception_by_middleware(e, request)
  File "/home/matt/.local/lib/python3.8/site-packages/django/core/handlers/base.py", line 113, in _get_response
    response = wrapped_callback(request, *callback_args, **callback_kwargs)
  File "/home/matt/.local/lib/python3.8/site-packages/django/contrib/auth/decorators.py", line 21, in _wrapped_view
    return view_func(request, *args, **kwargs)
  File "/home/matt/seniorProject/iRepair/CustApp/views.py", line 131, in flip
    logger.warning("user {} flipped device {} of {} to false".format(user + temp.DeviceRepair.Device_Name + temp.CustomerRepair.last_name))
IndexError: Replacement index 1 out of range for positional args tuple
"GET /flip/1/ HTTP/1.1" 500 74533
"GET /static/myscripts.js HTTP/1.1" 404 1662
"GET /static/myscripts.js HTTP/1.1" 404 1662
"GET /static/myscripts.js HTTP/1.1" 404 1662
"GET /static/myscripts.js HTTP/1.1" 404 1662
"GET /static/myscripts.js HTTP/1.1" 404 1662
"GET /static/myscripts.js HTTP/1.1" 404 1662
"GET /static/myscripts.js HTTP/1.1" 404 1662
"GET /static/myscripts.js HTTP/1.1" 404 1662
"GET /static/myscripts.js HTTP/1.1" 404 1662
"GET /static/myscripts.js HTTP/1.1" 404 1662
